[2025-12-19 00:04:49] SYSTEM - Connexion à la base de données établie
[2025-12-19 00:04:49] SYSTEM - Structure de la base de données vérifiée/créée
[2025-12-19 00:10:40] SYSTEM - Connexion à la base de données établie
[2025-12-19 00:10:40] SYSTEM - Structure de la base de données vérifiée/créée
[2025-12-19 00:16:12] SYSTEM - Connexion à la base de données établie
[2025-12-19 00:16:12] SYSTEM - Structure de la base de données vérifiée/créée
[2025-12-19 21:44:40] SYSTEM - Connexion à la base de données établie
[2025-12-19 21:44:40] SYSTEM - Structure de la base de données vérifiée/créée
[2025-12-19 22:26:50] SYSTEM - Connexion à la base de données établie
[2025-12-19 22:26:50] ERREUR - SYSTEM - Erreur lors de la création des tables - Exception: org.sqlite.SQLiteException: [SQLITE_NOTADB] File opened that is not a database file (file is not a database)
org.sqlite.SQLiteException: [SQLITE_NOTADB] File opened that is not a database file (file is not a database)
	at org.sqlite.core.DB.newSQLException(DB.java:1179)
	at org.sqlite.core.DB.newSQLException(DB.java:1190)
	at org.sqlite.core.DB.throwex(DB.java:1150)
	at org.sqlite.core.NativeDB.prepare_utf8(Native Method)
	at org.sqlite.core.NativeDB.prepare(NativeDB.java:126)
	at org.sqlite.core.DB.prepare(DB.java:264)
	at org.sqlite.jdbc3.JDBC3Statement.lambda$execute$0(JDBC3Statement.java:51)
	at org.sqlite.jdbc3.JDBC3Statement.withConnectionTimeout(JDBC3Statement.java:454)
	at org.sqlite.jdbc3.JDBC3Statement.execute(JDBC3Statement.java:40)
	at biblio.util.DatabaseConnection.createTables(DatabaseConnection.java:101)
	at biblio.util.DatabaseConnection.initialize(DatabaseConnection.java:28)
	at biblio.controller.MainController.<init>(MainController.java:15)
	at biblio.view.App.lambda$main$0(App.java:16)
	at java.desktop/java.awt.event.InvocationEvent.dispatch(Unknown Source)
	at java.desktop/java.awt.EventQueue.dispatchEventImpl(Unknown Source)
	at java.desktop/java.awt.EventQueue$4.run(Unknown Source)
	at java.desktop/java.awt.EventQueue$4.run(Unknown Source)
	at java.base/java.security.AccessController.doPrivileged(Unknown Source)
	at java.base/java.security.ProtectionDomain$JavaSecurityAccessImpl.doIntersectionPrivilege(Unknown Source)
	at java.desktop/java.awt.EventQueue.dispatchEvent(Unknown Source)
	at java.desktop/java.awt.EventDispatchThread.pumpOneEventForFilters(Unknown Source)
	at java.desktop/java.awt.EventDispatchThread.pumpEventsForFilter(Unknown Source)
	at java.desktop/java.awt.EventDispatchThread.pumpEventsForHierarchy(Unknown Source)
	at java.desktop/java.awt.EventDispatchThread.pumpEvents(Unknown Source)
	at java.desktop/java.awt.EventDispatchThread.pumpEvents(Unknown Source)
	at java.desktop/java.awt.EventDispatchThread.run(Unknown Source)
[2025-12-19 22:45:13] SYSTEM - Connexion à la base de données établie
[2025-12-19 22:45:13] ERREUR - SYSTEM - Erreur lors de la création des tables - Exception: org.sqlite.SQLiteException: [SQLITE_NOTADB] File opened that is not a database file (file is not a database)
org.sqlite.SQLiteException: [SQLITE_NOTADB] File opened that is not a database file (file is not a database)
	at org.sqlite.core.DB.newSQLException(DB.java:1179)
	at org.sqlite.core.DB.newSQLException(DB.java:1190)
	at org.sqlite.core.DB.throwex(DB.java:1150)
	at org.sqlite.core.NativeDB.prepare_utf8(Native Method)
	at org.sqlite.core.NativeDB.prepare(NativeDB.java:126)
	at org.sqlite.core.DB.prepare(DB.java:264)
	at org.sqlite.jdbc3.JDBC3Statement.lambda$execute$0(JDBC3Statement.java:51)
	at org.sqlite.jdbc3.JDBC3Statement.withConnectionTimeout(JDBC3Statement.java:454)
	at org.sqlite.jdbc3.JDBC3Statement.execute(JDBC3Statement.java:40)
	at biblio.util.DatabaseConnection.createTables(DatabaseConnection.java:98)
	at biblio.util.DatabaseConnection.initialize(DatabaseConnection.java:27)
	at biblio.controller.MainController.<init>(MainController.java:15)
	at biblio.view.App.lambda$main$0(App.java:16)
	at java.desktop/java.awt.event.InvocationEvent.dispatch(Unknown Source)
	at java.desktop/java.awt.EventQueue.dispatchEventImpl(Unknown Source)
	at java.desktop/java.awt.EventQueue$4.run(Unknown Source)
	at java.desktop/java.awt.EventQueue$4.run(Unknown Source)
	at java.base/java.security.AccessController.doPrivileged(Unknown Source)
	at java.base/java.security.ProtectionDomain$JavaSecurityAccessImpl.doIntersectionPrivilege(Unknown Source)
	at java.desktop/java.awt.EventQueue.dispatchEvent(Unknown Source)
	at java.desktop/java.awt.EventDispatchThread.pumpOneEventForFilters(Unknown Source)
	at java.desktop/java.awt.EventDispatchThread.pumpEventsForFilter(Unknown Source)
	at java.desktop/java.awt.EventDispatchThread.pumpEventsForHierarchy(Unknown Source)
	at java.desktop/java.awt.EventDispatchThread.pumpEvents(Unknown Source)
	at java.desktop/java.awt.EventDispatchThread.pumpEvents(Unknown Source)
	at java.desktop/java.awt.EventDispatchThread.run(Unknown Source)
[2025-12-19 22:45:13] ERREUR - SYSTEM - Erreur lors de l'initialisation de l'administrateur - Exception: org.sqlite.SQLiteException: [SQLITE_NOTADB] File opened that is not a database file (file is not a database)
org.sqlite.SQLiteException: [SQLITE_NOTADB] File opened that is not a database file (file is not a database)
	at org.sqlite.core.DB.newSQLException(DB.java:1179)
	at org.sqlite.core.DB.newSQLException(DB.java:1190)
	at org.sqlite.core.DB.throwex(DB.java:1150)
	at org.sqlite.core.NativeDB.prepare_utf8(Native Method)
	at org.sqlite.core.NativeDB.prepare(NativeDB.java:126)
	at org.sqlite.core.DB.prepare(DB.java:264)
	at org.sqlite.jdbc3.JDBC3Statement.lambda$executeQuery$1(JDBC3Statement.java:81)
	at org.sqlite.jdbc3.JDBC3Statement.withConnectionTimeout(JDBC3Statement.java:454)
	at org.sqlite.jdbc3.JDBC3Statement.executeQuery(JDBC3Statement.java:79)
	at biblio.util.DatabaseInitializer.initializeAdminUser(DatabaseInitializer.java:18)
	at biblio.util.DatabaseInitializer.initializeDatabase(DatabaseInitializer.java:58)
	at biblio.controller.MainController.<init>(MainController.java:16)
	at biblio.view.App.lambda$main$0(App.java:16)
	at java.desktop/java.awt.event.InvocationEvent.dispatch(Unknown Source)
	at java.desktop/java.awt.EventQueue.dispatchEventImpl(Unknown Source)
	at java.desktop/java.awt.EventQueue$4.run(Unknown Source)
	at java.desktop/java.awt.EventQueue$4.run(Unknown Source)
	at java.base/java.security.AccessController.doPrivileged(Unknown Source)
	at java.base/java.security.ProtectionDomain$JavaSecurityAccessImpl.doIntersectionPrivilege(Unknown Source)
	at java.desktop/java.awt.EventQueue.dispatchEvent(Unknown Source)
	at java.desktop/java.awt.EventDispatchThread.pumpOneEventForFilters(Unknown Source)
	at java.desktop/java.awt.EventDispatchThread.pumpEventsForFilter(Unknown Source)
	at java.desktop/java.awt.EventDispatchThread.pumpEventsForHierarchy(Unknown Source)
	at java.desktop/java.awt.EventDispatchThread.pumpEvents(Unknown Source)
	at java.desktop/java.awt.EventDispatchThread.pumpEvents(Unknown Source)
	at java.desktop/java.awt.EventDispatchThread.run(Unknown Source)
[2025-12-20 11:14:42] SYSTEM - Connexion à la base de données établie
[2025-12-20 11:14:42] SYSTEM - Structure de la base de données vérifiée/créée
[2025-12-20 11:23:30] SYSTEM - Connexion à la base de données établie
[2025-12-20 11:23:30] SYSTEM - Structure de la base de données vérifiée/créée
[2025-12-20 13:07:18] SYSTEM - Connexion à la base de données établie
[2025-12-20 13:07:18] SYSTEM - Structure de la base de données vérifiée/créée
[2025-12-20 13:09:09] SYSTEM - Connexion à la base de données établie
[2025-12-20 13:09:09] SYSTEM - Structure de la base de données vérifiée/créée
[2025-12-20 13:11:20] ADMIN - Création utilisateur: user
[2025-12-20 13:12:38] SYSTEM - Connexion à la base de données établie
[2025-12-20 13:12:38] SYSTEM - Structure de la base de données vérifiée/créée
[2025-12-20 13:14:22] SYSTEM - Connexion à la base de données établie
[2025-12-20 13:14:22] SYSTEM - Structure de la base de données vérifiée/créée
[2025-12-20 13:15:42] ADMIN - Ajout adhérent: user
[2025-12-20 13:17:02] SYSTEM - Connexion à la base de données établie
[2025-12-20 13:17:02] SYSTEM - Structure de la base de données vérifiée/créée
[2025-12-20 13:18:57] ADMIN - Nouvel emprunt - Adhérent: 3, Livre: 978-2253005150
[2025-12-20 13:19:26] ADMIN - Changement mot de passe: jean.dupont@email.com
[2025-12-20 13:21:28] ADMIN - Nouvel emprunt - Adhérent: 1, Livre: 978-2070368228
[2025-12-20 13:29:52] SYSTEM - Connexion à la base de données établie
[2025-12-20 13:29:52] SYSTEM - Structure de la base de données vérifiée/créée
[2025-12-20 13:30:13] ADMIN - Suppression utilisateur: user
[2025-12-20 13:30:34] ADMIN - Création utilisateur: user@email.com
[2025-12-20 13:30:45] ADMIN - Suppression adhérent ID: 4
[2025-12-20 13:31:10] ADMIN - Ajout adhérent: user@email.com
[2025-12-20 13:31:47] ADMIN - Suppression utilisateur: user@email.com
[2025-12-20 13:31:57] ADMIN - Suppression adhérent ID: 5
[2025-12-20 13:32:19] ADMIN - Ajout adhérent: user@email.com
[2025-12-20 13:35:02] ADMIN - Ajout adhérent: kawtar@email.com
[2025-12-20 13:35:47] ADMIN - Nouvel emprunt - Adhérent: 7, Livre: 978-2266111569
[2025-12-20 13:38:09] ADMIN - Ajout adhérent: yassine@gmail.com
[2025-12-20 13:40:08] SYSTEM - Connexion à la base de données établie
[2025-12-20 13:40:08] SYSTEM - Structure de la base de données vérifiée/créée
[2025-12-20 13:40:58] ADMIN - Retour livre - Emprunt ID: 2
[2025-12-20 13:41:04] ADMIN - Retour livre - Emprunt ID: 3
[2025-12-20 13:41:10] ADMIN - Retour livre - Emprunt ID: 1
[2025-12-20 13:41:24] ADMIN - Nouvel emprunt - Adhérent: 8, Livre: 978-2070368228
[2025-12-20 13:42:51] SYSTEM - Connexion à la base de données établie
[2025-12-20 13:42:51] SYSTEM - Structure de la base de données vérifiée/créée
[2025-12-20 13:43:18] ADMIN - Suppression adhérent ID: 3
[2025-12-20 13:43:29] ADMIN - Suppression adhérent ID: 1
[2025-12-20 13:43:36] ADMIN - Suppression adhérent ID: 7
[2025-12-20 13:43:42] ADMIN - Suppression adhérent ID: 2
[2025-12-20 13:43:48] ADMIN - Suppression adhérent ID: 6
[2025-12-20 13:46:53] SYSTEM - Connexion à la base de données établie
[2025-12-20 13:46:53] SYSTEM - Structure de la base de données vérifiée/créée
[2025-12-20 13:47:41] ADMIN - Ajout adhérent: kawtar@gmail.com
[2025-12-20 13:48:00] ADMIN - Nouvel emprunt - Adhérent: 8, Livre: 978-2253005150
[2025-12-20 13:48:22] ADMIN - Nouvel emprunt - Adhérent: 9, Livre: 978-2266111569
[2025-12-20 15:09:59] SYSTEM - Connexion à la base de données établie
[2025-12-20 15:09:59] SYSTEM - Structure de la base de données vérifiée/créée
[2025-12-20 15:10:15] SYSTEM - Connexion à la base de données établie
[2025-12-20 15:10:15] SYSTEM - Structure de la base de données vérifiée/créée
[2025-12-20 15:12:00] ADMIN - Modification livre: 978-2253005150
[2025-12-21 18:38:05] SYSTEM - Connexion à la base de données établie
[2025-12-21 18:38:05] SYSTEM - Structure de la base de données vérifiée/créée
[2025-12-22 12:43:23] SYSTEM - Connexion à la base de données établie
[2025-12-22 12:43:23] SYSTEM - Structure de la base de données vérifiée/créée
